{"/home/travis/build/npmtest/node-npmtest-sprintf/test.js":{"path":"/home/travis/build/npmtest/node-npmtest-sprintf/test.js","s":{"1":2,"2":2,"3":2,"4":2,"5":2,"6":2,"7":2,"8":1,"9":2,"10":2,"11":1,"12":1,"13":1,"14":1,"15":2,"16":2,"17":2,"18":2,"19":1,"20":1,"21":2,"22":2,"23":2,"24":1,"25":1,"26":1,"27":1,"28":1,"29":1,"30":1,"31":1,"32":1,"33":1,"34":1,"35":1,"36":1,"37":1,"38":1,"39":2,"40":2,"41":1,"42":2,"43":2,"44":1,"45":2,"46":2,"47":1,"48":2,"49":2,"50":1,"51":1,"52":1,"53":1,"54":1},"b":{"1":[2,1,1,1],"2":[1,1,1,1],"3":[1,1],"4":[1,1],"5":[1,1],"6":[1,1],"7":[1,1],"8":[1,1],"9":[1,1],"10":[1,1,1],"11":[1,1],"12":[1,1],"13":[1,1],"14":[1,1],"15":[1,1],"16":[1,1],"17":[1,1]},"f":{"1":2,"2":2,"3":2,"4":2,"5":2,"6":1,"7":1,"8":1,"9":2,"10":2,"11":2,"12":2,"13":1},"fnMap":{"1":{"name":"(anonymous_1)","line":12,"loc":{"start":{"line":12,"column":1},"end":{"line":12,"column":13}}},"2":{"name":"(anonymous_2)","line":19,"loc":{"start":{"line":19,"column":5},"end":{"line":19,"column":17}}},"3":{"name":"(anonymous_3)","line":23,"loc":{"start":{"line":23,"column":24},"end":{"line":23,"column":36}}},"4":{"name":"(anonymous_4)","line":61,"loc":{"start":{"line":61,"column":5},"end":{"line":61,"column":17}}},"5":{"name":"(anonymous_5)","line":82,"loc":{"start":{"line":82,"column":5},"end":{"line":82,"column":17}}},"6":{"name":"(anonymous_6)","line":91,"loc":{"start":{"line":91,"column":77},"end":{"line":94,"column":10}}},"7":{"name":"(anonymous_7)","line":112,"loc":{"start":{"line":112,"column":83},"end":{"line":115,"column":10}},"skip":true},"8":{"name":"(anonymous_8)","line":123,"loc":{"start":{"line":123,"column":77},"end":{"line":126,"column":10}},"skip":true},"9":{"name":"(anonymous_9)","line":139,"loc":{"start":{"line":139,"column":12},"end":{"line":139,"column":40}},"skip":true},"10":{"name":"(anonymous_10)","line":147,"loc":{"start":{"line":147,"column":77},"end":{"line":150,"column":10}},"skip":true},"11":{"name":"(anonymous_11)","line":158,"loc":{"start":{"line":158,"column":83},"end":{"line":161,"column":10}},"skip":true},"12":{"name":"(anonymous_12)","line":169,"loc":{"start":{"line":169,"column":79},"end":{"line":172,"column":10}},"skip":true},"13":{"name":"(anonymous_13)","line":180,"loc":{"start":{"line":180,"column":75},"end":{"line":183,"column":10}},"skip":true}},"statementMap":{"1":{"start":{"line":12,"column":0},"end":{"line":195,"column":5}},"2":{"start":{"line":14,"column":4},"end":{"line":14,"column":14}},"3":{"start":{"line":19,"column":4},"end":{"line":56,"column":9}},"4":{"start":{"line":21,"column":8},"end":{"line":21,"column":19}},"5":{"start":{"line":23,"column":8},"end":{"line":35,"column":13}},"6":{"start":{"line":24,"column":12},"end":{"line":34,"column":13}},"7":{"start":{"line":25,"column":16},"end":{"line":28,"column":30}},"8":{"start":{"line":30,"column":16},"end":{"line":33,"column":27}},"9":{"start":{"line":37,"column":8},"end":{"line":39,"column":21}},"10":{"start":{"line":40,"column":8},"end":{"line":53,"column":9}},"11":{"start":{"line":43,"column":12},"end":{"line":46,"column":14}},"12":{"start":{"line":47,"column":12},"end":{"line":47,"column":18}},"13":{"start":{"line":50,"column":12},"end":{"line":51,"column":46}},"14":{"start":{"line":52,"column":12},"end":{"line":52,"column":18}},"15":{"start":{"line":55,"column":8},"end":{"line":55,"column":35}},"16":{"start":{"line":61,"column":4},"end":{"line":63,"column":9}},"17":{"start":{"line":62,"column":8},"end":{"line":62,"column":15}},"18":{"start":{"line":64,"column":4},"end":{"line":77,"column":5}},"19":{"start":{"line":70,"column":8},"end":{"line":70,"column":14}},"20":{"start":{"line":76,"column":8},"end":{"line":76,"column":14}},"21":{"start":{"line":82,"column":4},"end":{"line":84,"column":9}},"22":{"start":{"line":83,"column":8},"end":{"line":83,"column":15}},"23":{"start":{"line":85,"column":4},"end":{"line":194,"column":5}},"24":{"start":{"line":91,"column":8},"end":{"line":99,"column":10}},"25":{"start":{"line":98,"column":12},"end":{"line":98,"column":35}},"26":{"start":{"line":102,"column":8},"end":{"line":104,"column":63}},"27":{"start":{"line":105,"column":8},"end":{"line":105,"column":14}},"28":{"start":{"line":112,"column":8},"end":{"line":121,"column":10},"skip":true},"29":{"start":{"line":119,"column":12},"end":{"line":119,"column":55},"skip":true},"30":{"start":{"line":120,"column":12},"end":{"line":120,"column":48},"skip":true},"31":{"start":{"line":123,"column":8},"end":{"line":136,"column":10},"skip":true},"32":{"start":{"line":130,"column":12},"end":{"line":130,"column":76},"skip":true},"33":{"start":{"line":131,"column":12},"end":{"line":131,"column":73},"skip":true},"34":{"start":{"line":132,"column":12},"end":{"line":132,"column":74},"skip":true},"35":{"start":{"line":133,"column":12},"end":{"line":133,"column":79},"skip":true},"36":{"start":{"line":134,"column":12},"end":{"line":134,"column":25},"skip":true},"37":{"start":{"line":135,"column":12},"end":{"line":135,"column":45},"skip":true},"38":{"start":{"line":138,"column":8},"end":{"line":145,"column":14},"skip":true},"39":{"start":{"line":143,"column":16},"end":{"line":143,"column":29},"skip":true},"40":{"start":{"line":144,"column":16},"end":{"line":144,"column":55},"skip":true},"41":{"start":{"line":147,"column":8},"end":{"line":156,"column":10},"skip":true},"42":{"start":{"line":154,"column":12},"end":{"line":154,"column":25},"skip":true},"43":{"start":{"line":155,"column":12},"end":{"line":155,"column":45},"skip":true},"44":{"start":{"line":158,"column":8},"end":{"line":167,"column":10},"skip":true},"45":{"start":{"line":165,"column":12},"end":{"line":165,"column":25},"skip":true},"46":{"start":{"line":166,"column":12},"end":{"line":166,"column":48},"skip":true},"47":{"start":{"line":169,"column":8},"end":{"line":178,"column":10},"skip":true},"48":{"start":{"line":176,"column":12},"end":{"line":176,"column":25},"skip":true},"49":{"start":{"line":177,"column":12},"end":{"line":177,"column":46},"skip":true},"50":{"start":{"line":180,"column":8},"end":{"line":189,"column":10},"skip":true},"51":{"start":{"line":187,"column":12},"end":{"line":187,"column":94},"skip":true},"52":{"start":{"line":188,"column":12},"end":{"line":188,"column":48},"skip":true},"53":{"start":{"line":192,"column":8},"end":{"line":192,"column":35},"skip":true},"54":{"start":{"line":193,"column":8},"end":{"line":193,"column":14},"skip":true}},"branchMap":{"1":{"line":25,"type":"binary-expr","locations":[{"start":{"line":25,"column":23},"end":{"line":25,"column":62}},{"start":{"line":26,"column":20},"end":{"line":26,"column":70}},{"start":{"line":27,"column":20},"end":{"line":27,"column":71}},{"start":{"line":28,"column":20},"end":{"line":28,"column":29}}]},"2":{"line":30,"type":"binary-expr","locations":[{"start":{"line":30,"column":23},"end":{"line":30,"column":37}},{"start":{"line":31,"column":20},"end":{"line":31,"column":61}},{"start":{"line":32,"column":20},"end":{"line":32,"column":70}},{"start":{"line":33,"column":20},"end":{"line":33,"column":26}}]},"3":{"line":37,"type":"cond-expr","locations":[{"start":{"line":38,"column":14},"end":{"line":38,"column":20}},{"start":{"line":39,"column":14},"end":{"line":39,"column":20}}]},"4":{"line":40,"type":"switch","locations":[{"start":{"line":42,"column":8},"end":{"line":47,"column":18}},{"start":{"line":49,"column":8},"end":{"line":52,"column":18}}]},"5":{"line":44,"type":"binary-expr","locations":[{"start":{"line":44,"column":16},"end":{"line":44,"column":44}},{"start":{"line":44,"column":48},"end":{"line":44,"column":66}}]},"6":{"line":50,"type":"binary-expr","locations":[{"start":{"line":50,"column":21},"end":{"line":50,"column":49}},{"start":{"line":50,"column":53},"end":{"line":50,"column":72}}]},"7":{"line":64,"type":"switch","locations":[{"start":{"line":69,"column":4},"end":{"line":70,"column":14}},{"start":{"line":75,"column":4},"end":{"line":76,"column":14}}]},"8":{"line":85,"type":"switch","locations":[{"start":{"line":90,"column":4},"end":{"line":105,"column":14}},{"start":{"line":111,"column":4},"end":{"line":193,"column":14},"skip":true}]},"9":{"line":91,"type":"binary-expr","locations":[{"start":{"line":91,"column":42},"end":{"line":91,"column":73}},{"start":{"line":91,"column":77},"end":{"line":99,"column":9}}]},"10":{"line":102,"type":"binary-expr","locations":[{"start":{"line":102,"column":18},"end":{"line":102,"column":32}},{"start":{"line":103,"column":12},"end":{"line":103,"column":53}},{"start":{"line":104,"column":12},"end":{"line":104,"column":61}}]},"11":{"line":112,"type":"binary-expr","locations":[{"start":{"line":112,"column":45},"end":{"line":112,"column":79},"skip":true},{"start":{"line":112,"column":83},"end":{"line":121,"column":9},"skip":true}]},"12":{"line":123,"type":"binary-expr","locations":[{"start":{"line":123,"column":42},"end":{"line":123,"column":73},"skip":true},{"start":{"line":123,"column":77},"end":{"line":136,"column":9},"skip":true}]},"13":{"line":138,"type":"binary-expr","locations":[{"start":{"line":138,"column":48},"end":{"line":138,"column":85},"skip":true},{"start":{"line":139,"column":12},"end":{"line":145,"column":13},"skip":true}]},"14":{"line":147,"type":"binary-expr","locations":[{"start":{"line":147,"column":42},"end":{"line":147,"column":73},"skip":true},{"start":{"line":147,"column":77},"end":{"line":156,"column":9},"skip":true}]},"15":{"line":158,"type":"binary-expr","locations":[{"start":{"line":158,"column":45},"end":{"line":158,"column":79},"skip":true},{"start":{"line":158,"column":83},"end":{"line":167,"column":9},"skip":true}]},"16":{"line":169,"type":"binary-expr","locations":[{"start":{"line":169,"column":43},"end":{"line":169,"column":75},"skip":true},{"start":{"line":169,"column":79},"end":{"line":178,"column":9},"skip":true}]},"17":{"line":180,"type":"binary-expr","locations":[{"start":{"line":180,"column":41},"end":{"line":180,"column":71},"skip":true},{"start":{"line":180,"column":75},"end":{"line":189,"column":9},"skip":true}]}},"code":["/* istanbul instrument in package npmtest_sprintf */","/*jslint","    bitwise: true,","    browser: true,","    maxerr: 8,","    maxlen: 96,","    node: true,","    nomen: true,","    regexp: true,","    stupid: true","*/","(function () {","    'use strict';","    var local;","","","","    // run shared js-env code - pre-init","    (function () {","        // init local","        local = {};","        // init modeJs","        local.modeJs = (function () {","            try {","                return typeof navigator.userAgent === 'string' &&","                    typeof document.querySelector('body') === 'object' &&","                    typeof XMLHttpRequest.prototype.open === 'function' &&","                    'browser';","            } catch (errorCaughtBrowser) {","                return module.exports &&","                    typeof process.versions.node === 'string' &&","                    typeof require('http').createServer === 'function' &&","                    'node';","            }","        }());","        // init global","        local.global = local.modeJs === 'browser'","            ? window","            : global;","        switch (local.modeJs) {","        // re-init local from window.local","        case 'browser':","            local = local.global.utility2.objectSetDefault(","                local.global.utility2_rollup || local.global.local,","                local.global.utility2","            );","            break;","        // re-init local from example.js","        case 'node':","            local = (local.global.utility2_rollup || require('utility2'))","                .requireExampleJsFromReadme();","            break;","        }","        // export local","        local.global.local = local;","    }());","","","","    // run shared js-env code - function","    (function () {","        return;","    }());","    switch (local.modeJs) {","","","","    // run browser js-env code - function","    case 'browser':","        break;","","","","    // run node js-env code - function","    case 'node':","        break;","    }","","","","    // run shared js-env code - post-init","    (function () {","        return;","    }());","    switch (local.modeJs) {","","","","    // run browser js-env code - post-init","    case 'browser':","        local.testCase_browser_nullCase = local.testCase_browser_nullCase || function (","            options,","            onError","        ) {","        /*","         * this function will test browsers's null-case handling-behavior-behavior","         */","            onError(null, options);","        };","","        // run tests","        local.nop(local.modeTest &&","            document.querySelector('#testRunButton1') &&","            document.querySelector('#testRunButton1').click());","        break;","","","","    // run node js-env code - post-init","    /* istanbul ignore next */","    case 'node':","        local.testCase_buildApidoc_default = local.testCase_buildApidoc_default || function (","            options,","            onError","        ) {","        /*","         * this function will test buildApidoc's default handling-behavior-behavior","         */","            options = { modulePathList: module.paths };","            local.buildApidoc(options, onError);","        };","","        local.testCase_buildApp_default = local.testCase_buildApp_default || function (","            options,","            onError","        ) {","        /*","         * this function will test buildApp's default handling-behavior-behavior","         */","            local.testCase_buildReadme_default(options, local.onErrorThrow);","            local.testCase_buildLib_default(options, local.onErrorThrow);","            local.testCase_buildTest_default(options, local.onErrorThrow);","            local.testCase_buildCustomOrg_default(options, local.onErrorThrow);","            options = [];","            local.buildApp(options, onError);","        };","","        local.testCase_buildCustomOrg_default = local.testCase_buildCustomOrg_default ||","            function (options, onError) {","            /*","             * this function will test buildCustomOrg's default handling-behavior","             */","                options = {};","                local.buildCustomOrg(options, onError);","            };","","        local.testCase_buildLib_default = local.testCase_buildLib_default || function (","            options,","            onError","        ) {","        /*","         * this function will test buildLib's default handling-behavior","         */","            options = {};","            local.buildLib(options, onError);","        };","","        local.testCase_buildReadme_default = local.testCase_buildReadme_default || function (","            options,","            onError","        ) {","        /*","         * this function will test buildReadme's default handling-behavior-behavior","         */","            options = {};","            local.buildReadme(options, onError);","        };","","        local.testCase_buildTest_default = local.testCase_buildTest_default || function (","            options,","            onError","        ) {","        /*","         * this function will test buildTest's default handling-behavior","         */","            options = {};","            local.buildTest(options, onError);","        };","","        local.testCase_webpage_default = local.testCase_webpage_default || function (","            options,","            onError","        ) {","        /*","         * this function will test webpage's default handling-behavior","         */","            options = { modeCoverageMerge: true, url: local.serverLocalHost + '?modeTest=1' };","            local.browserTest(options, onError);","        };","","        // run test-server","        local.testRunServer(local);","        break;","    }","}());",""],"l":{"12":2,"14":2,"19":2,"21":2,"23":2,"24":2,"25":2,"30":1,"37":2,"40":2,"43":1,"47":1,"50":1,"52":1,"55":2,"61":2,"62":2,"64":2,"70":1,"76":1,"82":2,"83":2,"85":2,"91":1,"98":1,"102":1,"105":1,"112":1,"119":1,"120":1,"123":1,"130":1,"131":1,"132":1,"133":1,"134":1,"135":1,"138":1,"143":2,"144":2,"147":1,"154":2,"155":2,"158":1,"165":2,"166":2,"169":1,"176":2,"177":2,"180":1,"187":1,"188":1,"192":1,"193":1}},"/home/travis/build/npmtest/node-npmtest-sprintf/lib.npmtest_sprintf.js":{"path":"/home/travis/build/npmtest/node-npmtest-sprintf/lib.npmtest_sprintf.js","s":{"1":2,"2":2,"3":2,"4":2,"5":2,"6":2,"7":2,"8":1,"9":2,"10":2,"11":2,"12":2,"13":1,"14":1,"15":1,"16":1},"b":{"1":[2,1,1,1],"2":[1,1,1,1],"3":[1,1],"4":[2,2],"5":[1,1]},"f":{"1":2,"2":2,"3":2},"fnMap":{"1":{"name":"(anonymous_1)","line":12,"loc":{"start":{"line":12,"column":1},"end":{"line":12,"column":13}}},"2":{"name":"(anonymous_2)","line":19,"loc":{"start":{"line":19,"column":5},"end":{"line":19,"column":17}}},"3":{"name":"(anonymous_3)","line":23,"loc":{"start":{"line":23,"column":24},"end":{"line":23,"column":36}}}},"statementMap":{"1":{"start":{"line":12,"column":0},"end":{"line":53,"column":5}},"2":{"start":{"line":14,"column":4},"end":{"line":14,"column":14}},"3":{"start":{"line":19,"column":4},"end":{"line":52,"column":9}},"4":{"start":{"line":21,"column":8},"end":{"line":21,"column":19}},"5":{"start":{"line":23,"column":8},"end":{"line":35,"column":13}},"6":{"start":{"line":24,"column":12},"end":{"line":34,"column":13}},"7":{"start":{"line":25,"column":16},"end":{"line":28,"column":30}},"8":{"start":{"line":30,"column":16},"end":{"line":33,"column":27}},"9":{"start":{"line":37,"column":8},"end":{"line":39,"column":21}},"10":{"start":{"line":41,"column":8},"end":{"line":41,"column":54}},"11":{"start":{"line":43,"column":8},"end":{"line":43,"column":52}},"12":{"start":{"line":45,"column":8},"end":{"line":51,"column":9}},"13":{"start":{"line":46,"column":12},"end":{"line":46,"column":58}},"14":{"start":{"line":48,"column":12},"end":{"line":48,"column":35}},"15":{"start":{"line":49,"column":12},"end":{"line":49,"column":49}},"16":{"start":{"line":50,"column":12},"end":{"line":50,"column":43}}},"branchMap":{"1":{"line":25,"type":"binary-expr","locations":[{"start":{"line":25,"column":23},"end":{"line":25,"column":62}},{"start":{"line":26,"column":20},"end":{"line":26,"column":70}},{"start":{"line":27,"column":20},"end":{"line":27,"column":71}},{"start":{"line":28,"column":20},"end":{"line":28,"column":29}}]},"2":{"line":30,"type":"binary-expr","locations":[{"start":{"line":30,"column":23},"end":{"line":30,"column":37}},{"start":{"line":31,"column":20},"end":{"line":31,"column":61}},{"start":{"line":32,"column":20},"end":{"line":32,"column":70}},{"start":{"line":33,"column":20},"end":{"line":33,"column":26}}]},"3":{"line":37,"type":"cond-expr","locations":[{"start":{"line":38,"column":14},"end":{"line":38,"column":20}},{"start":{"line":39,"column":14},"end":{"line":39,"column":20}}]},"4":{"line":41,"type":"binary-expr","locations":[{"start":{"line":41,"column":16},"end":{"line":41,"column":44}},{"start":{"line":41,"column":48},"end":{"line":41,"column":53}}]},"5":{"line":45,"type":"if","locations":[{"start":{"line":45,"column":8},"end":{"line":45,"column":8}},{"start":{"line":45,"column":8},"end":{"line":45,"column":8}}]}},"code":["/* istanbul instrument in package npmtest_sprintf */","/*jslint","    bitwise: true,","    browser: true,","    maxerr: 8,","    maxlen: 96,","    node: true,","    nomen: true,","    regexp: true,","    stupid: true","*/","(function () {","    'use strict';","    var local;","","","","    // run shared js-env code - pre-init","    (function () {","        // init local","        local = {};","        // init modeJs","        local.modeJs = (function () {","            try {","                return typeof navigator.userAgent === 'string' &&","                    typeof document.querySelector('body') === 'object' &&","                    typeof XMLHttpRequest.prototype.open === 'function' &&","                    'browser';","            } catch (errorCaughtBrowser) {","                return module.exports &&","                    typeof process.versions.node === 'string' &&","                    typeof require('http').createServer === 'function' &&","                    'node';","            }","        }());","        // init global","        local.global = local.modeJs === 'browser'","            ? window","            : global;","        // init utility2_rollup","        local = local.global.utility2_rollup || local;","        // init lib","        local.local = local.npmtest_sprintf = local;","        // init exports","        if (local.modeJs === 'browser') {","            local.global.utility2_npmtest_sprintf = local;","        } else {","            module.exports = local;","            module.exports.__dirname = __dirname;","            module.exports.module = module;","        }","    }());","}());",""],"l":{"12":2,"14":2,"19":2,"21":2,"23":2,"24":2,"25":2,"30":1,"37":2,"41":2,"43":2,"45":2,"46":1,"48":1,"49":1,"50":1}},"/home/travis/build/npmtest/node-npmtest-sprintf/example.js":{"path":"/home/travis/build/npmtest/node-npmtest-sprintf/example.js","s":{"1":2,"2":2,"3":2,"4":2,"5":2,"6":2,"7":2,"8":1,"9":2,"10":2,"11":2,"12":2,"13":1,"14":2,"15":2,"16":2,"17":2,"18":2,"19":0,"20":2,"21":1,"22":1,"23":1,"24":1,"25":1,"26":0,"27":0,"28":1,"29":1,"30":2,"31":0,"32":0,"33":0,"34":1,"35":2,"36":2,"37":3,"38":3,"39":3,"40":3,"41":0,"42":3,"43":3,"44":3,"45":1,"46":3,"47":1,"48":1,"49":1,"50":1,"51":1,"52":1,"53":1,"54":1,"55":1,"56":1,"57":0,"58":1,"59":6,"60":6,"61":1,"62":2,"63":0,"64":2,"65":1,"66":1,"67":0,"68":0,"69":0,"70":0,"71":0,"72":0,"73":0,"74":0,"75":0,"76":0,"77":0,"78":0,"79":0,"80":0,"81":0,"82":0,"83":0},"b":{"1":[2,1,1,1],"2":[1,1,1,1],"3":[1,1],"4":[2,2],"5":[1,1],"6":[1,1],"7":[2,0],"8":[2,1,1,1,1,1],"9":[0,2,0],"10":[1,1],"11":[2,1,1],"12":[1,0],"13":[0,2],"14":[2,0,0,0,0,0,0],"15":[0,3],"16":[3,0],"17":[1,1],"18":[0,1],"19":[1,2,0,2],"20":[1,0],"21":[1,1],"22":[0,0],"23":[0,0],"24":[0,0],"25":[0,0],"26":[0,0],"27":[0,0],"28":[0,0]},"f":{"1":2,"2":2,"3":2,"4":2,"5":2,"6":2,"7":3,"8":3,"9":3,"10":1,"11":6,"12":0},"fnMap":{"1":{"name":"(anonymous_1)","line":26,"loc":{"start":{"line":26,"column":1},"end":{"line":26,"column":13}}},"2":{"name":"(anonymous_2)","line":33,"loc":{"start":{"line":33,"column":5},"end":{"line":33,"column":17}}},"3":{"name":"(anonymous_3)","line":37,"loc":{"start":{"line":37,"column":24},"end":{"line":37,"column":36}}},"4":{"name":"(anonymous_4)","line":69,"loc":{"start":{"line":69,"column":31},"end":{"line":69,"column":48}},"skip":true},"5":{"name":"(anonymous_5)","line":78,"loc":{"start":{"line":78,"column":26},"end":{"line":78,"column":45}},"skip":true},"6":{"name":"(anonymous_6)","line":123,"loc":{"start":{"line":123,"column":33},"end":{"line":123,"column":48}},"skip":true},"7":{"name":"(anonymous_7)","line":125,"loc":{"start":{"line":125,"column":27},"end":{"line":125,"column":39}},"skip":true},"8":{"name":"(anonymous_8)","line":133,"loc":{"start":{"line":133,"column":59},"end":{"line":133,"column":74}},"skip":true},"9":{"name":"(anonymous_9)","line":143,"loc":{"start":{"line":143,"column":45},"end":{"line":143,"column":62}},"skip":true},"10":{"name":"(anonymous_10)","line":144,"loc":{"start":{"line":144,"column":73},"end":{"line":144,"column":92}},"skip":true},"11":{"name":"(anonymous_11)","line":272,"loc":{"start":{"line":272,"column":51},"end":{"line":272,"column":77}},"skip":true},"12":{"name":"(anonymous_12)","line":315,"loc":{"start":{"line":315,"column":32},"end":{"line":315,"column":61}},"skip":true}},"statementMap":{"1":{"start":{"line":26,"column":0},"end":{"line":326,"column":5}},"2":{"start":{"line":28,"column":4},"end":{"line":28,"column":14}},"3":{"start":{"line":33,"column":4},"end":{"line":60,"column":9}},"4":{"start":{"line":35,"column":8},"end":{"line":35,"column":19}},"5":{"start":{"line":37,"column":8},"end":{"line":49,"column":13}},"6":{"start":{"line":38,"column":12},"end":{"line":48,"column":13}},"7":{"start":{"line":39,"column":16},"end":{"line":42,"column":30}},"8":{"start":{"line":44,"column":16},"end":{"line":47,"column":27}},"9":{"start":{"line":51,"column":8},"end":{"line":53,"column":21}},"10":{"start":{"line":55,"column":8},"end":{"line":57,"column":45}},"11":{"start":{"line":59,"column":8},"end":{"line":59,"column":35}},"12":{"start":{"line":61,"column":4},"end":{"line":325,"column":5}},"13":{"start":{"line":69,"column":8},"end":{"line":121,"column":10},"skip":true},"14":{"start":{"line":70,"column":12},"end":{"line":88,"column":13},"skip":true},"15":{"start":{"line":76,"column":16},"end":{"line":87,"column":19},"skip":true},"16":{"start":{"line":79,"column":20},"end":{"line":86,"column":21},"skip":true},"17":{"start":{"line":82,"column":24},"end":{"line":82,"column":43},"skip":true},"18":{"start":{"line":83,"column":24},"end":{"line":83,"column":30},"skip":true},"19":{"start":{"line":85,"column":24},"end":{"line":85,"column":49},"skip":true},"20":{"start":{"line":89,"column":12},"end":{"line":107,"column":13},"skip":true},"21":{"start":{"line":92,"column":16},"end":{"line":102,"column":17},"skip":true},"22":{"start":{"line":93,"column":20},"end":{"line":93,"column":86},"skip":true},"23":{"start":{"line":94,"column":20},"end":{"line":95,"column":45},"skip":true},"24":{"start":{"line":96,"column":20},"end":{"line":96,"column":42},"skip":true},"25":{"start":{"line":97,"column":20},"end":{"line":97,"column":48},"skip":true},"26":{"start":{"line":100,"column":20},"end":{"line":100,"column":85},"skip":true},"27":{"start":{"line":101,"column":20},"end":{"line":101,"column":96},"skip":true},"28":{"start":{"line":103,"column":16},"end":{"line":103,"column":22},"skip":true},"29":{"start":{"line":106,"column":16},"end":{"line":106,"column":22},"skip":true},"30":{"start":{"line":108,"column":12},"end":{"line":120,"column":13},"skip":true},"31":{"start":{"line":114,"column":16},"end":{"line":119,"column":17},"skip":true},"32":{"start":{"line":116,"column":20},"end":{"line":116,"column":78},"skip":true},"33":{"start":{"line":118,"column":20},"end":{"line":118,"column":47},"skip":true},"34":{"start":{"line":123,"column":8},"end":{"line":141,"column":11},"skip":true},"35":{"start":{"line":124,"column":12},"end":{"line":124,"column":54},"skip":true},"36":{"start":{"line":125,"column":12},"end":{"line":140,"column":14},"skip":true},"37":{"start":{"line":126,"column":16},"end":{"line":126,"column":28},"skip":true},"38":{"start":{"line":127,"column":16},"end":{"line":127,"column":69},"skip":true},"39":{"start":{"line":128,"column":16},"end":{"line":128,"column":75},"skip":true},"40":{"start":{"line":129,"column":16},"end":{"line":131,"column":17},"skip":true},"41":{"start":{"line":130,"column":20},"end":{"line":130,"column":27},"skip":true},"42":{"start":{"line":133,"column":16},"end":{"line":137,"column":36},"skip":true},"43":{"start":{"line":134,"column":20},"end":{"line":136,"column":55},"skip":true},"44":{"start":{"line":139,"column":16},"end":{"line":139,"column":57},"skip":true},"45":{"start":{"line":143,"column":8},"end":{"line":147,"column":11},"skip":true},"46":{"start":{"line":144,"column":12},"end":{"line":146,"column":15},"skip":true},"47":{"start":{"line":145,"column":16},"end":{"line":145,"column":70},"skip":true},"48":{"start":{"line":149,"column":8},"end":{"line":149,"column":31},"skip":true},"49":{"start":{"line":150,"column":8},"end":{"line":150,"column":14},"skip":true},"50":{"start":{"line":158,"column":8},"end":{"line":158,"column":31},"skip":true},"51":{"start":{"line":160,"column":8},"end":{"line":160,"column":33},"skip":true},"52":{"start":{"line":161,"column":8},"end":{"line":161,"column":37},"skip":true},"53":{"start":{"line":162,"column":8},"end":{"line":162,"column":35},"skip":true},"54":{"start":{"line":164,"column":8},"end":{"line":164,"column":50},"skip":true},"55":{"start":{"line":166,"column":8},"end":{"line":256,"column":2},"skip":true},"56":{"start":{"line":258,"column":8},"end":{"line":286,"column":9},"skip":true},"57":{"start":{"line":259,"column":12},"end":{"line":269,"column":14},"skip":true},"58":{"start":{"line":271,"column":12},"end":{"line":285,"column":19},"skip":true},"59":{"start":{"line":274,"column":20},"end":{"line":274,"column":35},"skip":true},"60":{"start":{"line":275,"column":20},"end":{"line":284,"column":21},"skip":true},"61":{"start":{"line":277,"column":24},"end":{"line":277,"column":64},"skip":true},"62":{"start":{"line":279,"column":24},"end":{"line":279,"column":40},"skip":true},"63":{"start":{"line":281,"column":24},"end":{"line":281,"column":40},"skip":true},"64":{"start":{"line":283,"column":24},"end":{"line":283,"column":39},"skip":true},"65":{"start":{"line":288,"column":8},"end":{"line":290,"column":9},"skip":true},"66":{"start":{"line":289,"column":12},"end":{"line":289,"column":18},"skip":true},"67":{"start":{"line":291,"column":8},"end":{"line":293,"column":54},"skip":true},"68":{"start":{"line":296,"column":8},"end":{"line":301,"column":37},"skip":true},"69":{"start":{"line":303,"column":8},"end":{"line":303,"column":82},"skip":true},"70":{"start":{"line":306,"column":8},"end":{"line":308,"column":9},"skip":true},"71":{"start":{"line":307,"column":12},"end":{"line":307,"column":82},"skip":true},"72":{"start":{"line":310,"column":8},"end":{"line":312,"column":9},"skip":true},"73":{"start":{"line":311,"column":12},"end":{"line":311,"column":18},"skip":true},"74":{"start":{"line":313,"column":8},"end":{"line":313,"column":54},"skip":true},"75":{"start":{"line":314,"column":8},"end":{"line":314,"column":69},"skip":true},"76":{"start":{"line":315,"column":8},"end":{"line":323,"column":36},"skip":true},"77":{"start":{"line":316,"column":12},"end":{"line":316,"column":61},"skip":true},"78":{"start":{"line":317,"column":12},"end":{"line":320,"column":13},"skip":true},"79":{"start":{"line":318,"column":16},"end":{"line":318,"column":75},"skip":true},"80":{"start":{"line":319,"column":16},"end":{"line":319,"column":23},"skip":true},"81":{"start":{"line":321,"column":12},"end":{"line":321,"column":38},"skip":true},"82":{"start":{"line":322,"column":12},"end":{"line":322,"column":27},"skip":true},"83":{"start":{"line":324,"column":8},"end":{"line":324,"column":14},"skip":true}},"branchMap":{"1":{"line":39,"type":"binary-expr","locations":[{"start":{"line":39,"column":23},"end":{"line":39,"column":62}},{"start":{"line":40,"column":20},"end":{"line":40,"column":70}},{"start":{"line":41,"column":20},"end":{"line":41,"column":71}},{"start":{"line":42,"column":20},"end":{"line":42,"column":29}}]},"2":{"line":44,"type":"binary-expr","locations":[{"start":{"line":44,"column":23},"end":{"line":44,"column":37}},{"start":{"line":45,"column":20},"end":{"line":45,"column":61}},{"start":{"line":46,"column":20},"end":{"line":46,"column":70}},{"start":{"line":47,"column":20},"end":{"line":47,"column":26}}]},"3":{"line":51,"type":"cond-expr","locations":[{"start":{"line":52,"column":14},"end":{"line":52,"column":20}},{"start":{"line":53,"column":14},"end":{"line":53,"column":20}}]},"4":{"line":55,"type":"binary-expr","locations":[{"start":{"line":55,"column":16},"end":{"line":55,"column":44}},{"start":{"line":55,"column":49},"end":{"line":57,"column":43}}]},"5":{"line":55,"type":"cond-expr","locations":[{"start":{"line":56,"column":14},"end":{"line":56,"column":51}},{"start":{"line":57,"column":14},"end":{"line":57,"column":43}}]},"6":{"line":61,"type":"switch","locations":[{"start":{"line":68,"column":4},"end":{"line":150,"column":14},"skip":true},{"start":{"line":156,"column":4},"end":{"line":324,"column":14},"skip":true}]},"7":{"line":70,"type":"if","locations":[{"start":{"line":70,"column":12},"end":{"line":70,"column":12},"skip":true},{"start":{"line":70,"column":12},"end":{"line":70,"column":12},"skip":true}]},"8":{"line":70,"type":"binary-expr","locations":[{"start":{"line":70,"column":16},"end":{"line":70,"column":22},"skip":true},{"start":{"line":70,"column":27},"end":{"line":70,"column":32},"skip":true},{"start":{"line":71,"column":20},"end":{"line":71,"column":39},"skip":true},{"start":{"line":72,"column":20},"end":{"line":72,"column":49},"skip":true},{"start":{"line":73,"column":20},"end":{"line":73,"column":58},"skip":true},{"start":{"line":74,"column":20},"end":{"line":74,"column":69},"skip":true}]},"9":{"line":79,"type":"switch","locations":[{"start":{"line":80,"column":20},"end":{"line":80,"column":33},"skip":true},{"start":{"line":81,"column":20},"end":{"line":83,"column":30},"skip":true},{"start":{"line":84,"column":20},"end":{"line":85,"column":49},"skip":true}]},"10":{"line":89,"type":"switch","locations":[{"start":{"line":90,"column":12},"end":{"line":103,"column":22},"skip":true},{"start":{"line":105,"column":12},"end":{"line":106,"column":22},"skip":true}]},"11":{"line":89,"type":"binary-expr","locations":[{"start":{"line":89,"column":20},"end":{"line":89,"column":25},"skip":true},{"start":{"line":89,"column":29},"end":{"line":89,"column":48},"skip":true},{"start":{"line":89,"column":52},"end":{"line":89,"column":74},"skip":true}]},"12":{"line":92,"type":"if","locations":[{"start":{"line":92,"column":16},"end":{"line":92,"column":16},"skip":true},{"start":{"line":92,"column":16},"end":{"line":92,"column":16},"skip":true}]},"13":{"line":108,"type":"if","locations":[{"start":{"line":108,"column":12},"end":{"line":108,"column":12},"skip":true},{"start":{"line":108,"column":12},"end":{"line":108,"column":12},"skip":true}]},"14":{"line":108,"type":"binary-expr","locations":[{"start":{"line":108,"column":16},"end":{"line":108,"column":61},"skip":true},{"start":{"line":108,"column":66},"end":{"line":108,"column":72},"skip":true},{"start":{"line":108,"column":77},"end":{"line":108,"column":82},"skip":true},{"start":{"line":109,"column":20},"end":{"line":109,"column":39},"skip":true},{"start":{"line":110,"column":20},"end":{"line":110,"column":49},"skip":true},{"start":{"line":111,"column":20},"end":{"line":111,"column":58},"skip":true},{"start":{"line":112,"column":20},"end":{"line":112,"column":68},"skip":true}]},"15":{"line":129,"type":"if","locations":[{"start":{"line":129,"column":16},"end":{"line":129,"column":16},"skip":true},{"start":{"line":129,"column":16},"end":{"line":129,"column":16},"skip":true}]},"16":{"line":134,"type":"cond-expr","locations":[{"start":{"line":135,"column":26},"end":{"line":135,"column":29},"skip":true},{"start":{"line":136,"column":26},"end":{"line":136,"column":54},"skip":true}]},"17":{"line":164,"type":"binary-expr","locations":[{"start":{"line":164,"column":27},"end":{"line":164,"column":43},"skip":true},{"start":{"line":164,"column":47},"end":{"line":164,"column":49},"skip":true}]},"18":{"line":258,"type":"if","locations":[{"start":{"line":258,"column":8},"end":{"line":258,"column":8},"skip":true},{"start":{"line":258,"column":8},"end":{"line":258,"column":8},"skip":true}]},"19":{"line":275,"type":"switch","locations":[{"start":{"line":276,"column":20},"end":{"line":277,"column":64},"skip":true},{"start":{"line":278,"column":20},"end":{"line":279,"column":40},"skip":true},{"start":{"line":280,"column":20},"end":{"line":281,"column":40},"skip":true},{"start":{"line":282,"column":20},"end":{"line":283,"column":39},"skip":true}]},"20":{"line":288,"type":"if","locations":[{"start":{"line":288,"column":8},"end":{"line":288,"column":8},"skip":true},{"start":{"line":288,"column":8},"end":{"line":288,"column":8},"skip":true}]},"21":{"line":288,"type":"binary-expr","locations":[{"start":{"line":288,"column":12},"end":{"line":288,"column":40},"skip":true},{"start":{"line":288,"column":44},"end":{"line":288,"column":67},"skip":true}]},"22":{"line":292,"type":"binary-expr","locations":[{"start":{"line":292,"column":12},"end":{"line":292,"column":50},"skip":true},{"start":{"line":293,"column":12},"end":{"line":293,"column":53},"skip":true}]},"23":{"line":297,"type":"binary-expr","locations":[{"start":{"line":297,"column":12},"end":{"line":297,"column":65},"skip":true},{"start":{"line":298,"column":12},"end":{"line":301,"column":36},"skip":true}]},"24":{"line":303,"type":"binary-expr","locations":[{"start":{"line":303,"column":43},"end":{"line":303,"column":75},"skip":true},{"start":{"line":303,"column":79},"end":{"line":303,"column":81},"skip":true}]},"25":{"line":306,"type":"if","locations":[{"start":{"line":306,"column":8},"end":{"line":306,"column":8},"skip":true},{"start":{"line":306,"column":8},"end":{"line":306,"column":8},"skip":true}]},"26":{"line":310,"type":"if","locations":[{"start":{"line":310,"column":8},"end":{"line":310,"column":8},"skip":true},{"start":{"line":310,"column":8},"end":{"line":310,"column":8},"skip":true}]},"27":{"line":313,"type":"binary-expr","locations":[{"start":{"line":313,"column":27},"end":{"line":313,"column":43},"skip":true},{"start":{"line":313,"column":47},"end":{"line":313,"column":53},"skip":true}]},"28":{"line":317,"type":"if","locations":[{"start":{"line":317,"column":12},"end":{"line":317,"column":12},"skip":true},{"start":{"line":317,"column":12},"end":{"line":317,"column":12},"skip":true}]}},"code":["/*","example.js","","quickstart example","","instruction","    1. save this script as example.js","    2. run the shell command:","        $ npm install npmtest-sprintf && PORT=8081 node example.js","    3. play with the browser-demo on http://127.0.0.1:8081","*/","","","","/* istanbul instrument in package npmtest_sprintf */","/*jslint","    bitwise: true,","    browser: true,","    maxerr: 8,","    maxlen: 96,","    node: true,","    nomen: true,","    regexp: true,","    stupid: true","*/","(function () {","    'use strict';","    var local;","","","","    // run shared js-env code - pre-init","    (function () {","        // init local","        local = {};","        // init modeJs","        local.modeJs = (function () {","            try {","                return typeof navigator.userAgent === 'string' &&","                    typeof document.querySelector('body') === 'object' &&","                    typeof XMLHttpRequest.prototype.open === 'function' &&","                    'browser';","            } catch (errorCaughtBrowser) {","                return module.exports &&","                    typeof process.versions.node === 'string' &&","                    typeof require('http').createServer === 'function' &&","                    'node';","            }","        }());","        // init global","        local.global = local.modeJs === 'browser'","            ? window","            : global;","        // init utility2_rollup","        local = local.global.utility2_rollup || (local.modeJs === 'browser'","            ? local.global.utility2_npmtest_sprintf","            : global.utility2_moduleExports);","        // export local","        local.global.local = local;","    }());","    switch (local.modeJs) {","","","","    // post-init","    // run browser js-env code - post-init","    /* istanbul ignore next */","    case 'browser':","        local.testRunBrowser = function (event) {","            if (!event || (event &&","                    event.currentTarget &&","                    event.currentTarget.className &&","                    event.currentTarget.className.includes &&","                    event.currentTarget.className.includes('onreset'))) {","                // reset output","                Array.from(","                    document.querySelectorAll('body > .resettable')","                ).forEach(function (element) {","                    switch (element.tagName) {","                    case 'INPUT':","                    case 'TEXTAREA':","                        element.value = '';","                        break;","                    default:","                        element.textContent = '';","                    }","                });","            }","            switch (event && event.currentTarget && event.currentTarget.id) {","            case 'testRunButton1':","                // show tests","                if (document.querySelector('#testReportDiv1').style.display === 'none') {","                    document.querySelector('#testReportDiv1').style.display = 'block';","                    document.querySelector('#testRunButton1').textContent =","                        'hide internal test';","                    local.modeTest = true;","                    local.testRunDefault(local);","                // hide tests","                } else {","                    document.querySelector('#testReportDiv1').style.display = 'none';","                    document.querySelector('#testRunButton1').textContent = 'run internal test';","                }","                break;","            // custom-case","            default:","                break;","            }","            if (document.querySelector('#inputTextareaEval1') && (!event || (event &&","                    event.currentTarget &&","                    event.currentTarget.className &&","                    event.currentTarget.className.includes &&","                    event.currentTarget.className.includes('oneval')))) {","                // try to eval input-code","                try {","                    /*jslint evil: true*/","                    eval(document.querySelector('#inputTextareaEval1').value);","                } catch (errorCaught) {","                    console.error(errorCaught);","                }","            }","        };","        // log stderr and stdout to #outputTextareaStdout1","        ['error', 'log'].forEach(function (key) {","            console[key + '_original'] = console[key];","            console[key] = function () {","                var element;","                console[key + '_original'].apply(console, arguments);","                element = document.querySelector('#outputTextareaStdout1');","                if (!element) {","                    return;","                }","                // append text to #outputTextareaStdout1","                element.value += Array.from(arguments).map(function (arg) {","                    return typeof arg === 'string'","                        ? arg","                        : JSON.stringify(arg, null, 4);","                }).join(' ') + '\\n';","                // scroll textarea to bottom","                element.scrollTop = element.scrollHeight;","            };","        });","        // init event-handling","        ['change', 'click', 'keyup'].forEach(function (event) {","            Array.from(document.querySelectorAll('.on' + event)).forEach(function (element) {","                element.addEventListener(event, local.testRunBrowser);","            });","        });","        // run tests","        local.testRunBrowser();","        break;","","","","    // run node js-env code - post-init","    /* istanbul ignore next */","    case 'node':","        // export local","        module.exports = local;","        // require modules","        local.fs = require('fs');","        local.http = require('http');","        local.url = require('url');","        // init assets","        local.assetsDict = local.assetsDict || {};","        /* jslint-ignore-begin */","        local.assetsDict['/assets.index.template.html'] = '\\","<!doctype html>\\n\\","<html lang=\"en\">\\n\\","<head>\\n\\","<meta charset=\"UTF-8\">\\n\\","<meta name=\"viewport\" content=\"width=device-width, initial-scale=1\">\\n\\","<title>{{env.npm_package_name}} (v{{env.npm_package_version}})</title>\\n\\","<style>\\n\\","/*csslint\\n\\","    box-sizing: false,\\n\\","    universal-selector: false\\n\\","*/\\n\\","* {\\n\\","    box-sizing: border-box;\\n\\","}\\n\\","body {\\n\\","    background: #dde;\\n\\","    font-family: Arial, Helvetica, sans-serif;\\n\\","    margin: 2rem;\\n\\","}\\n\\","body > * {\\n\\","    margin-bottom: 1rem;\\n\\","}\\n\\",".utility2FooterDiv {\\n\\","    margin-top: 20px;\\n\\","    text-align: center;\\n\\","}\\n\\","</style>\\n\\","<style>\\n\\","/*csslint\\n\\","*/\\n\\","textarea {\\n\\","    font-family: monospace;\\n\\","    height: 10rem;\\n\\","    width: 100%;\\n\\","}\\n\\","textarea[readonly] {\\n\\","    background: #ddd;\\n\\","}\\n\\","</style>\\n\\","</head>\\n\\","<body>\\n\\","<!-- utility2-comment\\n\\","<div id=\"ajaxProgressDiv1\" style=\"background: #d00; height: 2px; left: 0; margin: 0; padding: 0; position: fixed; top: 0; transition: background 0.5s, width 1.5s; width: 25%;\"></div>\\n\\","utility2-comment -->\\n\\","<h1>\\n\\","<!-- utility2-comment\\n\\","    <a\\n\\","        {{#if env.npm_package_homepage}}\\n\\","        href=\"{{env.npm_package_homepage}}\"\\n\\","        {{/if env.npm_package_homepage}}\\n\\","        target=\"_blank\"\\n\\","    >\\n\\","utility2-comment -->\\n\\","        {{env.npm_package_name}} (v{{env.npm_package_version}})\\n\\","<!-- utility2-comment\\n\\","    </a>\\n\\","utility2-comment -->\\n\\","</h1>\\n\\","<h3>{{env.npm_package_description}}</h3>\\n\\","<!-- utility2-comment\\n\\","<h4><a download href=\"assets.app.js\">download standalone app</a></h4>\\n\\","<button class=\"onclick onreset\" id=\"testRunButton1\">run internal test</button><br>\\n\\","<div id=\"testReportDiv1\" style=\"display: none;\"></div>\\n\\","utility2-comment -->\\n\\","\\n\\","\\n\\","\\n\\","<label>stderr and stdout</label>\\n\\","<textarea class=\"resettable\" id=\"outputTextareaStdout1\" readonly></textarea>\\n\\","<!-- utility2-comment\\n\\","{{#if isRollup}}\\n\\","<script src=\"assets.app.js\"></script>\\n\\","{{#unless isRollup}}\\n\\","utility2-comment -->\\n\\","<script src=\"assets.utility2.rollup.js\"></script>\\n\\","<script src=\"jsonp.utility2._stateInit?callback=window.utility2._stateInit\"></script>\\n\\","<script src=\"assets.npmtest_sprintf.rollup.js\"></script>\\n\\","<script src=\"assets.example.js\"></script>\\n\\","<script src=\"assets.test.js\"></script>\\n\\","<!-- utility2-comment\\n\\","{{/if isRollup}}\\n\\","utility2-comment -->\\n\\","<div class=\"utility2FooterDiv\">\\n\\","    [ this app was created with\\n\\","    <a href=\"https://github.com/kaizhu256/node-utility2\" target=\"_blank\">utility2</a>\\n\\","    ]\\n\\","</div>\\n\\","</body>\\n\\","</html>\\n\\","';","        /* jslint-ignore-end */","        if (local.templateRender) {","            local.assetsDict['/'] = local.templateRender(","                local.assetsDict['/assets.index.template.html'],","                {","                    env: local.objectSetDefault(local.env, {","                        npm_package_description: 'the greatest app in the world!',","                        npm_package_name: 'my-app',","                        npm_package_nameAlias: 'my_app',","                        npm_package_version: '0.0.1'","                    })","                }","            );","        } else {","            local.assetsDict['/'] = local.assetsDict['/assets.index.template.html']","                .replace((/\\{\\{env\\.(\\w+?)\\}\\}/g), function (match0, match1) {","                    // jslint-hack","                    String(match0);","                    switch (match1) {","                    case 'npm_package_description':","                        return 'the greatest app in the world!';","                    case 'npm_package_name':","                        return 'my-app';","                    case 'npm_package_nameAlias':","                        return 'my_app';","                    case 'npm_package_version':","                        return '0.0.1';","                    }","                });","        }","        // run the cli","        if (local.global.utility2_rollup || module !== require.main) {","            break;","        }","        local.assetsDict['/assets.example.js'] =","            local.assetsDict['/assets.example.js'] ||","            local.fs.readFileSync(__filename, 'utf8');","        // bug-workaround - long $npm_package_buildCustomOrg","        /* jslint-ignore-begin */","        local.assetsDict['/assets.npmtest_sprintf.rollup.js'] =","            local.assetsDict['/assets.npmtest_sprintf.rollup.js'] ||","            local.fs.readFileSync(","                local.npmtest_sprintf.__dirname + '/lib.npmtest_sprintf.js',","                'utf8'","            ).replace((/^#!/), '//');","        /* jslint-ignore-end */","        local.assetsDict['/favicon.ico'] = local.assetsDict['/favicon.ico'] || '';","        // if $npm_config_timeout_exit exists,","        // then exit this process after $npm_config_timeout_exit ms","        if (Number(process.env.npm_config_timeout_exit)) {","            setTimeout(process.exit, Number(process.env.npm_config_timeout_exit));","        }","        // start server","        if (local.global.utility2_serverHttp1) {","            break;","        }","        process.env.PORT = process.env.PORT || '8081';","        console.error('server starting on port ' + process.env.PORT);","        local.http.createServer(function (request, response) {","            request.urlParsed = local.url.parse(request.url);","            if (local.assetsDict[request.urlParsed.pathname] !== undefined) {","                response.end(local.assetsDict[request.urlParsed.pathname]);","                return;","            }","            response.statusCode = 404;","            response.end();","        }).listen(process.env.PORT);","        break;","    }","}());",""],"l":{"26":2,"28":2,"33":2,"35":2,"37":2,"38":2,"39":2,"44":1,"51":2,"55":2,"59":2,"61":2,"69":1,"70":2,"76":2,"79":2,"82":2,"83":2,"85":1,"89":2,"92":1,"93":1,"94":1,"96":1,"97":1,"100":1,"101":1,"103":1,"106":1,"108":2,"114":1,"116":1,"118":1,"123":1,"124":2,"125":2,"126":3,"127":3,"128":3,"129":3,"130":1,"133":3,"134":3,"139":3,"143":1,"144":3,"145":1,"149":1,"150":1,"158":1,"160":1,"161":1,"162":1,"164":1,"166":1,"258":1,"259":1,"271":1,"274":6,"275":6,"277":1,"279":2,"281":1,"283":2,"288":1,"289":1,"291":1,"296":1,"303":1,"306":1,"307":1,"310":1,"311":1,"313":1,"314":1,"315":1,"316":1,"317":1,"318":1,"319":1,"321":1,"322":1,"324":1}},"/home/travis/build/npmtest/node-npmtest-sprintf/node_modules/sprintf/lib/sprintf.js":{"path":"/home/travis/build/npmtest/node-npmtest-sprintf/node_modules/sprintf/lib/sprintf.js","s":{"1":1,"2":1,"3":0,"4":1,"5":0,"6":0,"7":1,"8":0,"9":0,"10":0,"11":1,"12":0,"13":0,"14":0,"15":0,"16":0,"17":0,"18":0,"19":0,"20":0,"21":0,"22":0,"23":0,"24":0,"25":0,"26":0,"27":0,"28":0,"29":0,"30":0,"31":0,"32":0,"33":0,"34":0,"35":0,"36":0,"37":0,"38":0,"39":0,"40":0,"41":0,"42":0,"43":0,"44":0,"45":0,"46":0,"47":1,"48":0,"49":0,"50":0,"51":0,"52":0,"53":0,"54":0,"55":0,"56":0,"57":0,"58":0,"59":0,"60":0,"61":0,"62":0,"63":0,"64":0,"65":0,"66":0,"67":0,"68":0,"69":0,"70":0,"71":0,"72":0,"73":0,"74":0,"75":0,"76":0,"77":0,"78":0,"79":0,"80":0,"81":0,"82":0,"83":0,"84":0,"85":0,"86":0,"87":0,"88":0,"89":0,"90":0,"91":0,"92":0,"93":0,"94":0,"95":1,"96":1,"97":0,"98":0,"99":0,"100":0,"101":0,"102":0,"103":0,"104":0,"105":0,"106":0,"107":0,"108":0,"109":0,"110":0,"111":0,"112":0,"113":0,"114":0,"115":0,"116":0,"117":0,"118":0,"119":0,"120":0,"121":0,"122":0,"123":0,"124":1,"125":1,"126":0,"127":0,"128":0,"129":1,"130":1,"131":1},"b":{"1":[0,0],"2":[0,0],"3":[0,0,0],"4":[0,0],"5":[0,0],"6":[0,0],"7":[0,0],"8":[0,0],"9":[0,0],"10":[0,0],"11":[0,0],"12":[0,0],"13":[0,0],"14":[0,0],"15":[0,0],"16":[0,0],"17":[0,0],"18":[0,0],"19":[0,0],"20":[0,0],"21":[0,0],"22":[0,0,0,0,0,0,0,0,0,0,0],"23":[0,0],"24":[0,0],"25":[0,0],"26":[0,0],"27":[0,0],"28":[0,0],"29":[0,0,0],"30":[0,0],"31":[0,0],"32":[0,0],"33":[0,0],"34":[0,0],"35":[0,0],"36":[0,0],"37":[0,0],"38":[0,0],"39":[0,0],"40":[0,0],"41":[0,0]},"f":{"1":1,"2":0,"3":0,"4":0,"5":0,"6":0,"7":0,"8":0},"fnMap":{"1":{"name":"(anonymous_1)","line":64,"loc":{"start":{"line":64,"column":15},"end":{"line":64,"column":26}}},"2":{"name":"get_type","line":65,"loc":{"start":{"line":65,"column":1},"end":{"line":65,"column":29}}},"3":{"name":"str_repeat","line":68,"loc":{"start":{"line":68,"column":1},"end":{"line":68,"column":40}}},"4":{"name":"(anonymous_4)","line":73,"loc":{"start":{"line":73,"column":18},"end":{"line":73,"column":29}}},"5":{"name":"(anonymous_5)","line":91,"loc":{"start":{"line":91,"column":31},"end":{"line":91,"column":68}}},"6":{"name":"(anonymous_6)","line":137,"loc":{"start":{"line":137,"column":21},"end":{"line":137,"column":48}}},"7":{"name":"(anonymous_7)","line":190,"loc":{"start":{"line":190,"column":20},"end":{"line":190,"column":34}}},"8":{"name":"(anonymous_8)","line":241,"loc":{"start":{"line":241,"column":15},"end":{"line":241,"column":35}}}},"statementMap":{"1":{"start":{"line":64,"column":0},"end":{"line":239,"column":5}},"2":{"start":{"line":65,"column":1},"end":{"line":67,"column":2}},"3":{"start":{"line":66,"column":2},"end":{"line":66,"column":77}},"4":{"start":{"line":68,"column":1},"end":{"line":71,"column":2}},"5":{"start":{"line":69,"column":2},"end":{"line":69,"column":88}},"6":{"start":{"line":70,"column":2},"end":{"line":70,"column":25}},"7":{"start":{"line":73,"column":1},"end":{"line":78,"column":3}},"8":{"start":{"line":74,"column":2},"end":{"line":76,"column":3}},"9":{"start":{"line":75,"column":3},"end":{"line":75,"column":67}},"10":{"start":{"line":77,"column":2},"end":{"line":77,"column":81}},"11":{"start":{"line":91,"column":1},"end":{"line":135,"column":2}},"12":{"start":{"line":92,"column":2},"end":{"line":92,"column":15}},"13":{"start":{"line":93,"column":2},"end":{"line":133,"column":3}},"14":{"start":{"line":94,"column":3},"end":{"line":132,"column":4}},"15":{"start":{"line":96,"column":4},"end":{"line":96,"column":63}},"16":{"start":{"line":97,"column":7},"end":{"line":97,"column":13}},"17":{"start":{"line":99,"column":4},"end":{"line":99,"column":68}},"18":{"start":{"line":99,"column":33},"end":{"line":99,"column":67}},"19":{"start":{"line":100,"column":4},"end":{"line":100,"column":44}},"20":{"start":{"line":100,"column":27},"end":{"line":100,"column":44}},"21":{"start":{"line":101,"column":4},"end":{"line":105,"column":5}},"22":{"start":{"line":103,"column":5},"end":{"line":103,"column":25}},"23":{"start":{"line":104,"column":5},"end":{"line":104,"column":20}},"24":{"start":{"line":106,"column":4},"end":{"line":126,"column":5}},"25":{"start":{"line":107,"column":5},"end":{"line":107,"column":16}},"26":{"start":{"line":108,"column":5},"end":{"line":108,"column":17}},"27":{"start":{"line":109,"column":5},"end":{"line":112,"column":6}},"28":{"start":{"line":110,"column":6},"end":{"line":111,"column":82}},"29":{"start":{"line":110,"column":45},"end":{"line":110,"column":68}},"30":{"start":{"line":111,"column":11},"end":{"line":111,"column":82}},"31":{"start":{"line":113,"column":5},"end":{"line":113,"column":33}},"32":{"start":{"line":114,"column":11},"end":{"line":126,"column":5}},"33":{"start":{"line":115,"column":5},"end":{"line":115,"column":32}},"34":{"start":{"line":117,"column":5},"end":{"line":117,"column":16}},"35":{"start":{"line":118,"column":5},"end":{"line":118,"column":17}},"36":{"start":{"line":119,"column":5},"end":{"line":124,"column":6}},"37":{"start":{"line":120,"column":6},"end":{"line":123,"column":7}},"38":{"start":{"line":121,"column":7},"end":{"line":122,"column":92}},"39":{"start":{"line":121,"column":46},"end":{"line":121,"column":75}},"40":{"start":{"line":122,"column":12},"end":{"line":122,"column":92}},"41":{"start":{"line":125,"column":5},"end":{"line":125,"column":33}},"42":{"start":{"line":127,"column":4},"end":{"line":127,"column":15}},"43":{"start":{"line":128,"column":4},"end":{"line":128,"column":10}},"44":{"start":{"line":130,"column":4},"end":{"line":130,"column":27}},"45":{"start":{"line":131,"column":4},"end":{"line":131,"column":9}},"46":{"start":{"line":134,"column":2},"end":{"line":134,"column":18}},"47":{"start":{"line":137,"column":1},"end":{"line":186,"column":3}},"48":{"start":{"line":138,"column":2},"end":{"line":138,"column":129}},"49":{"start":{"line":139,"column":2},"end":{"line":184,"column":3}},"50":{"start":{"line":140,"column":3},"end":{"line":140,"column":39}},"51":{"start":{"line":141,"column":3},"end":{"line":183,"column":4}},"52":{"start":{"line":142,"column":4},"end":{"line":142,"column":31}},"53":{"start":{"line":144,"column":8},"end":{"line":183,"column":4}},"54":{"start":{"line":145,"column":4},"end":{"line":145,"column":26}},"55":{"start":{"line":146,"column":4},"end":{"line":160,"column":5}},"56":{"start":{"line":147,"column":5},"end":{"line":147,"column":24}},"57":{"start":{"line":148,"column":5},"end":{"line":153,"column":6}},"58":{"start":{"line":149,"column":6},"end":{"line":151,"column":7}},"59":{"start":{"line":150,"column":7},"end":{"line":150,"column":87}},"60":{"start":{"line":152,"column":6},"end":{"line":152,"column":29}},"61":{"start":{"line":155,"column":9},"end":{"line":160,"column":5}},"62":{"start":{"line":156,"column":5},"end":{"line":156,"column":26}},"63":{"start":{"line":159,"column":5},"end":{"line":159,"column":26}},"64":{"start":{"line":162,"column":4},"end":{"line":164,"column":5}},"65":{"start":{"line":163,"column":5},"end":{"line":163,"column":102}},"66":{"start":{"line":165,"column":4},"end":{"line":177,"column":5}},"67":{"start":{"line":166,"column":15},"end":{"line":166,"column":37}},"68":{"start":{"line":166,"column":38},"end":{"line":166,"column":44}},"69":{"start":{"line":167,"column":15},"end":{"line":167,"column":46}},"70":{"start":{"line":167,"column":47},"end":{"line":167,"column":53}},"71":{"start":{"line":168,"column":15},"end":{"line":168,"column":39}},"72":{"start":{"line":168,"column":40},"end":{"line":168,"column":46}},"73":{"start":{"line":169,"column":15},"end":{"line":169,"column":82}},"74":{"start":{"line":169,"column":83},"end":{"line":169,"column":89}},"75":{"start":{"line":170,"column":15},"end":{"line":170,"column":84}},"76":{"start":{"line":170,"column":85},"end":{"line":170,"column":91}},"77":{"start":{"line":171,"column":18},"end":{"line":171,"column":85}},"78":{"start":{"line":171,"column":86},"end":{"line":171,"column":92}},"79":{"start":{"line":172,"column":15},"end":{"line":172,"column":37}},"80":{"start":{"line":172,"column":38},"end":{"line":172,"column":44}},"81":{"start":{"line":173,"column":15},"end":{"line":173,"column":90}},"82":{"start":{"line":173,"column":91},"end":{"line":173,"column":97}},"83":{"start":{"line":174,"column":15},"end":{"line":174,"column":35}},"84":{"start":{"line":174,"column":36},"end":{"line":174,"column":42}},"85":{"start":{"line":175,"column":15},"end":{"line":175,"column":38}},"86":{"start":{"line":175,"column":39},"end":{"line":175,"column":45}},"87":{"start":{"line":176,"column":15},"end":{"line":176,"column":52}},"88":{"start":{"line":176,"column":53},"end":{"line":176,"column":59}},"89":{"start":{"line":178,"column":4},"end":{"line":178,"column":76}},"90":{"start":{"line":179,"column":4},"end":{"line":179,"column":80}},"91":{"start":{"line":180,"column":4},"end":{"line":180,"column":47}},"92":{"start":{"line":181,"column":4},"end":{"line":181,"column":64}},"93":{"start":{"line":182,"column":4},"end":{"line":182,"column":50}},"94":{"start":{"line":185,"column":2},"end":{"line":185,"column":25}},"95":{"start":{"line":188,"column":1},"end":{"line":188,"column":23}},"96":{"start":{"line":190,"column":1},"end":{"line":236,"column":3}},"97":{"start":{"line":191,"column":2},"end":{"line":191,"column":61}},"98":{"start":{"line":192,"column":2},"end":{"line":234,"column":3}},"99":{"start":{"line":193,"column":3},"end":{"line":232,"column":4}},"100":{"start":{"line":194,"column":4},"end":{"line":194,"column":30}},"101":{"start":{"line":196,"column":8},"end":{"line":232,"column":4}},"102":{"start":{"line":197,"column":4},"end":{"line":197,"column":25}},"103":{"start":{"line":199,"column":8},"end":{"line":232,"column":4}},"104":{"start":{"line":200,"column":4},"end":{"line":224,"column":5}},"105":{"start":{"line":201,"column":5},"end":{"line":201,"column":20}},"106":{"start":{"line":202,"column":5},"end":{"line":202,"column":73}},"107":{"start":{"line":203,"column":5},"end":{"line":219,"column":6}},"108":{"start":{"line":204,"column":6},"end":{"line":204,"column":38}},"109":{"start":{"line":205,"column":6},"end":{"line":215,"column":7}},"110":{"start":{"line":206,"column":7},"end":{"line":214,"column":8}},"111":{"start":{"line":207,"column":8},"end":{"line":207,"column":40}},"112":{"start":{"line":209,"column":12},"end":{"line":214,"column":8}},"113":{"start":{"line":210,"column":8},"end":{"line":210,"column":40}},"114":{"start":{"line":213,"column":8},"end":{"line":213,"column":58}},"115":{"start":{"line":218,"column":24},"end":{"line":218,"column":74}},"116":{"start":{"line":220,"column":5},"end":{"line":220,"column":27}},"117":{"start":{"line":223,"column":5},"end":{"line":223,"column":20}},"118":{"start":{"line":225,"column":4},"end":{"line":227,"column":5}},"119":{"start":{"line":226,"column":5},"end":{"line":226,"column":98}},"120":{"start":{"line":228,"column":4},"end":{"line":228,"column":27}},"121":{"start":{"line":231,"column":4},"end":{"line":231,"column":41}},"122":{"start":{"line":233,"column":3},"end":{"line":233,"column":42}},"123":{"start":{"line":235,"column":2},"end":{"line":235,"column":20}},"124":{"start":{"line":238,"column":1},"end":{"line":238,"column":19}},"125":{"start":{"line":241,"column":0},"end":{"line":245,"column":2}},"126":{"start":{"line":242,"column":1},"end":{"line":242,"column":30}},"127":{"start":{"line":243,"column":1},"end":{"line":243,"column":24}},"128":{"start":{"line":244,"column":1},"end":{"line":244,"column":39}},"129":{"start":{"line":247,"column":0},"end":{"line":247,"column":25}},"130":{"start":{"line":248,"column":0},"end":{"line":248,"column":26}},"131":{"start":{"line":249,"column":0},"end":{"line":249,"column":28}}},"branchMap":{"1":{"line":74,"type":"if","locations":[{"start":{"line":74,"column":2},"end":{"line":74,"column":2}},{"start":{"line":74,"column":2},"end":{"line":74,"column":2}}]},"2":{"line":93,"type":"if","locations":[{"start":{"line":93,"column":2},"end":{"line":93,"column":2}},{"start":{"line":93,"column":2},"end":{"line":93,"column":2}}]},"3":{"line":94,"type":"switch","locations":[{"start":{"line":95,"column":3},"end":{"line":97,"column":13}},{"start":{"line":98,"column":3},"end":{"line":128,"column":10}},{"start":{"line":129,"column":3},"end":{"line":131,"column":9}}]},"4":{"line":96,"type":"cond-expr","locations":[{"start":{"line":96,"column":37},"end":{"line":96,"column":50}},{"start":{"line":96,"column":53},"end":{"line":96,"column":55}}]},"5":{"line":99,"type":"if","locations":[{"start":{"line":99,"column":4},"end":{"line":99,"column":4}},{"start":{"line":99,"column":4},"end":{"line":99,"column":4}}]},"6":{"line":100,"type":"if","locations":[{"start":{"line":100,"column":4},"end":{"line":100,"column":4}},{"start":{"line":100,"column":4},"end":{"line":100,"column":4}}]},"7":{"line":101,"type":"if","locations":[{"start":{"line":101,"column":4},"end":{"line":101,"column":4}},{"start":{"line":101,"column":4},"end":{"line":101,"column":4}}]},"8":{"line":106,"type":"if","locations":[{"start":{"line":106,"column":4},"end":{"line":106,"column":4}},{"start":{"line":106,"column":4},"end":{"line":106,"column":4}}]},"9":{"line":110,"type":"if","locations":[{"start":{"line":110,"column":6},"end":{"line":110,"column":6}},{"start":{"line":110,"column":6},"end":{"line":110,"column":6}}]},"10":{"line":110,"type":"binary-expr","locations":[{"start":{"line":110,"column":10},"end":{"line":110,"column":14}},{"start":{"line":110,"column":18},"end":{"line":110,"column":43}}]},"11":{"line":114,"type":"if","locations":[{"start":{"line":114,"column":11},"end":{"line":114,"column":11}},{"start":{"line":114,"column":11},"end":{"line":114,"column":11}}]},"12":{"line":120,"type":"if","locations":[{"start":{"line":120,"column":6},"end":{"line":120,"column":6}},{"start":{"line":120,"column":6},"end":{"line":120,"column":6}}]},"13":{"line":121,"type":"if","locations":[{"start":{"line":121,"column":7},"end":{"line":121,"column":7}},{"start":{"line":121,"column":7},"end":{"line":121,"column":7}}]},"14":{"line":121,"type":"binary-expr","locations":[{"start":{"line":121,"column":11},"end":{"line":121,"column":15}},{"start":{"line":121,"column":19},"end":{"line":121,"column":44}}]},"15":{"line":141,"type":"if","locations":[{"start":{"line":141,"column":3},"end":{"line":141,"column":3}},{"start":{"line":141,"column":3},"end":{"line":141,"column":3}}]},"16":{"line":144,"type":"if","locations":[{"start":{"line":144,"column":8},"end":{"line":144,"column":8}},{"start":{"line":144,"column":8},"end":{"line":144,"column":8}}]},"17":{"line":146,"type":"if","locations":[{"start":{"line":146,"column":4},"end":{"line":146,"column":4}},{"start":{"line":146,"column":4},"end":{"line":146,"column":4}}]},"18":{"line":149,"type":"if","locations":[{"start":{"line":149,"column":6},"end":{"line":149,"column":6}},{"start":{"line":149,"column":6},"end":{"line":149,"column":6}}]},"19":{"line":155,"type":"if","locations":[{"start":{"line":155,"column":9},"end":{"line":155,"column":9}},{"start":{"line":155,"column":9},"end":{"line":155,"column":9}}]},"20":{"line":162,"type":"if","locations":[{"start":{"line":162,"column":4},"end":{"line":162,"column":4}},{"start":{"line":162,"column":4},"end":{"line":162,"column":4}}]},"21":{"line":162,"type":"binary-expr","locations":[{"start":{"line":162,"column":8},"end":{"line":162,"column":30}},{"start":{"line":162,"column":35},"end":{"line":162,"column":60}}]},"22":{"line":165,"type":"switch","locations":[{"start":{"line":166,"column":5},"end":{"line":166,"column":44}},{"start":{"line":167,"column":5},"end":{"line":167,"column":53}},{"start":{"line":168,"column":5},"end":{"line":168,"column":46}},{"start":{"line":169,"column":5},"end":{"line":169,"column":89}},{"start":{"line":170,"column":5},"end":{"line":170,"column":91}},{"start":{"line":171,"column":8},"end":{"line":171,"column":92}},{"start":{"line":172,"column":5},"end":{"line":172,"column":44}},{"start":{"line":173,"column":5},"end":{"line":173,"column":97}},{"start":{"line":174,"column":5},"end":{"line":174,"column":42}},{"start":{"line":175,"column":5},"end":{"line":175,"column":45}},{"start":{"line":176,"column":5},"end":{"line":176,"column":59}}]},"23":{"line":169,"type":"cond-expr","locations":[{"start":{"line":169,"column":32},"end":{"line":169,"column":59}},{"start":{"line":169,"column":62},"end":{"line":169,"column":81}}]},"24":{"line":170,"type":"cond-expr","locations":[{"start":{"line":170,"column":32},"end":{"line":170,"column":65}},{"start":{"line":170,"column":68},"end":{"line":170,"column":83}}]},"25":{"line":171,"type":"binary-expr","locations":[{"start":{"line":171,"column":60},"end":{"line":171,"column":78}},{"start":{"line":171,"column":82},"end":{"line":171,"column":83}}]},"26":{"line":173,"type":"cond-expr","locations":[{"start":{"line":173,"column":56},"end":{"line":173,"column":82}},{"start":{"line":173,"column":85},"end":{"line":173,"column":88}}]},"27":{"line":173,"type":"binary-expr","locations":[{"start":{"line":173,"column":23},"end":{"line":173,"column":40}},{"start":{"line":173,"column":45},"end":{"line":173,"column":53}}]},"28":{"line":178,"type":"cond-expr","locations":[{"start":{"line":178,"column":60},"end":{"line":178,"column":68}},{"start":{"line":178,"column":71},"end":{"line":178,"column":74}}]},"29":{"line":178,"type":"binary-expr","locations":[{"start":{"line":178,"column":11},"end":{"line":178,"column":33}},{"start":{"line":178,"column":37},"end":{"line":178,"column":45}},{"start":{"line":178,"column":49},"end":{"line":178,"column":57}}]},"30":{"line":179,"type":"cond-expr","locations":[{"start":{"line":179,"column":31},"end":{"line":179,"column":73}},{"start":{"line":179,"column":76},"end":{"line":179,"column":79}}]},"31":{"line":179,"type":"cond-expr","locations":[{"start":{"line":179,"column":49},"end":{"line":179,"column":52}},{"start":{"line":179,"column":55},"end":{"line":179,"column":73}}]},"32":{"line":181,"type":"cond-expr","locations":[{"start":{"line":181,"column":21},"end":{"line":181,"column":58}},{"start":{"line":181,"column":61},"end":{"line":181,"column":63}}]},"33":{"line":182,"type":"cond-expr","locations":[{"start":{"line":182,"column":27},"end":{"line":182,"column":36}},{"start":{"line":182,"column":39},"end":{"line":182,"column":48}}]},"34":{"line":193,"type":"if","locations":[{"start":{"line":193,"column":3},"end":{"line":193,"column":3}},{"start":{"line":193,"column":3},"end":{"line":193,"column":3}}]},"35":{"line":196,"type":"if","locations":[{"start":{"line":196,"column":8},"end":{"line":196,"column":8}},{"start":{"line":196,"column":8},"end":{"line":196,"column":8}}]},"36":{"line":199,"type":"if","locations":[{"start":{"line":199,"column":8},"end":{"line":199,"column":8}},{"start":{"line":199,"column":8},"end":{"line":199,"column":8}}]},"37":{"line":200,"type":"if","locations":[{"start":{"line":200,"column":4},"end":{"line":200,"column":4}},{"start":{"line":200,"column":4},"end":{"line":200,"column":4}}]},"38":{"line":203,"type":"if","locations":[{"start":{"line":203,"column":5},"end":{"line":203,"column":5}},{"start":{"line":203,"column":5},"end":{"line":203,"column":5}}]},"39":{"line":206,"type":"if","locations":[{"start":{"line":206,"column":7},"end":{"line":206,"column":7}},{"start":{"line":206,"column":7},"end":{"line":206,"column":7}}]},"40":{"line":209,"type":"if","locations":[{"start":{"line":209,"column":12},"end":{"line":209,"column":12}},{"start":{"line":209,"column":12},"end":{"line":209,"column":12}}]},"41":{"line":225,"type":"if","locations":[{"start":{"line":225,"column":4},"end":{"line":225,"column":4}},{"start":{"line":225,"column":4},"end":{"line":225,"column":4}}]}},"code":["/**","sprintf() for JavaScript 0.7-beta1","http://www.diveintojavascript.com/projects/javascript-sprintf","","Copyright (c) Alexandru Marasteanu <alexaholic [at) gmail (dot] com>","All rights reserved.","","Redistribution and use in source and binary forms, with or without","modification, are permitted provided that the following conditions are met:","    * Redistributions of source code must retain the above copyright","      notice, this list of conditions and the following disclaimer.","    * Redistributions in binary form must reproduce the above copyright","      notice, this list of conditions and the following disclaimer in the","      documentation and/or other materials provided with the distribution.","    * Neither the name of sprintf() for JavaScript nor the","      names of its contributors may be used to endorse or promote products","      derived from this software without specific prior written permission.","","THIS SOFTWARE IS PROVIDED BY THE COPYRIGHT HOLDERS AND CONTRIBUTORS \"AS IS\" AND","ANY EXPRESS OR IMPLIED WARRANTIES, INCLUDING, BUT NOT LIMITED TO, THE IMPLIED","WARRANTIES OF MERCHANTABILITY AND FITNESS FOR A PARTICULAR PURPOSE ARE","DISCLAIMED. IN NO EVENT SHALL Alexandru Marasteanu BE LIABLE FOR ANY","DIRECT, INDIRECT, INCIDENTAL, SPECIAL, EXEMPLARY, OR CONSEQUENTIAL DAMAGES","(INCLUDING, BUT NOT LIMITED TO, PROCUREMENT OF SUBSTITUTE GOODS OR SERVICES;","LOSS OF USE, DATA, OR PROFITS; OR BUSINESS INTERRUPTION) HOWEVER CAUSED AND","ON ANY THEORY OF LIABILITY, WHETHER IN CONTRACT, STRICT LIABILITY, OR TORT","(INCLUDING NEGLIGENCE OR OTHERWISE) ARISING IN ANY WAY OUT OF THE USE OF THIS","SOFTWARE, EVEN IF ADVISED OF THE POSSIBILITY OF SUCH DAMAGE.","","","Changelog:","2010.11.07 - 0.7-beta1-node","  - converted it to a node.js compatible module","","2010.09.06 - 0.7-beta1","  - features: vsprintf, support for named placeholders","  - enhancements: format cache, reduced global namespace pollution","","2010.05.22 - 0.6:"," - reverted to 0.4 and fixed the bug regarding the sign of the number 0"," Note:"," Thanks to Raphael Pigulla <raph (at] n3rd [dot) org> (http://www.n3rd.org/)"," who warned me about a bug in 0.5, I discovered that the last update was"," a regress. I appologize for that.","","2010.05.09 - 0.5:"," - bug fix: 0 is now preceeded with a + sign"," - bug fix: the sign was not at the right position on padded results (Kamal Abdali)"," - switched from GPL to BSD license","","2007.10.21 - 0.4:"," - unit test and patch (David Baird)","","2007.09.17 - 0.3:"," - bug fix: no longer throws exception on empty paramenters (Hans Pufal)","","2007.09.11 - 0.2:"," - feature: added argument swapping","","2007.04.03 - 0.1:"," - initial release","**/","","var sprintf = (function() {","\tfunction get_type(variable) {","\t\treturn Object.prototype.toString.call(variable).slice(8, -1).toLowerCase();","\t}","\tfunction str_repeat(input, multiplier) {","\t\tfor (var output = []; multiplier > 0; output[--multiplier] = input) {/* do nothing */}","\t\treturn output.join('');","\t}","","\tvar str_format = function() {","\t\tif (!str_format.cache.hasOwnProperty(arguments[0])) {","\t\t\tstr_format.cache[arguments[0]] = str_format.parse(arguments[0]);","\t\t}","\t\treturn str_format.format.call(null, str_format.cache[arguments[0]], arguments);","\t};","","\t// convert object to simple one line string without indentation or","\t// newlines. Note that this implementation does not print array","\t// values to their actual place for sparse arrays. ","\t//","\t// For example sparse array like this","\t//    l = []","\t//    l[4] = 1","\t// Would be printed as \"[1]\" instead of \"[, , , , 1]\"","\t// ","\t// If argument 'seen' is not null and array the function will check for ","\t// circular object references from argument.","\tstr_format.object_stringify = function(obj, depth, maxdepth, seen) {","\t\tvar str = '';","\t\tif (obj != null) {","\t\t\tswitch( typeof(obj) ) {","\t\t\tcase 'function': ","\t\t\t\treturn '[Function' + (obj.name ? ': '+obj.name : '') + ']';","\t\t\t    break;","\t\t\tcase 'object':","\t\t\t\tif ( obj instanceof Error) { return '[' + obj.toString() + ']' };","\t\t\t\tif (depth >= maxdepth) return '[Object]'","\t\t\t\tif (seen) {","\t\t\t\t\t// add object to seen list","\t\t\t\t\tseen = seen.slice(0)","\t\t\t\t\tseen.push(obj);","\t\t\t\t}","\t\t\t\tif (obj.length != null) { //array","\t\t\t\t\tstr += '[';","\t\t\t\t\tvar arr = []","\t\t\t\t\tfor (var i in obj) {","\t\t\t\t\t\tif (seen && seen.indexOf(obj[i]) >= 0) arr.push('[Circular]');","\t\t\t\t\t\telse arr.push(str_format.object_stringify(obj[i], depth+1, maxdepth, seen));","\t\t\t\t\t}","\t\t\t\t\tstr += arr.join(', ') + ']';","\t\t\t\t} else if ('getMonth' in obj) { // date","\t\t\t\t\treturn 'Date(' + obj + ')';","\t\t\t\t} else { // object","\t\t\t\t\tstr += '{';","\t\t\t\t\tvar arr = []","\t\t\t\t\tfor (var k in obj) { ","\t\t\t\t\t\tif(obj.hasOwnProperty(k)) {","\t\t\t\t\t\t\tif (seen && seen.indexOf(obj[k]) >= 0) arr.push(k + ': [Circular]');","\t\t\t\t\t\t\telse arr.push(k +': ' +str_format.object_stringify(obj[k], depth+1, maxdepth, seen)); ","\t\t\t\t\t\t}","\t\t\t\t\t}","\t\t\t\t\tstr += arr.join(', ') + '}';","\t\t\t\t}","\t\t\t\treturn str;","\t\t\t\tbreak;","\t\t\tcase 'string':\t\t\t\t","\t\t\t\treturn '\"' + obj + '\"';","\t\t\t\tbreak","\t\t\t}","\t\t}","\t\treturn '' + obj;","\t}","","\tstr_format.format = function(parse_tree, argv) {","\t\tvar cursor = 1, tree_length = parse_tree.length, node_type = '', arg, output = [], i, k, match, pad, pad_character, pad_length;","\t\tfor (i = 0; i < tree_length; i++) {","\t\t\tnode_type = get_type(parse_tree[i]);","\t\t\tif (node_type === 'string') {","\t\t\t\toutput.push(parse_tree[i]);","\t\t\t}","\t\t\telse if (node_type === 'array') {","\t\t\t\tmatch = parse_tree[i]; // convenience purposes only","\t\t\t\tif (match[2]) { // keyword argument","\t\t\t\t\targ = argv[cursor];","\t\t\t\t\tfor (k = 0; k < match[2].length; k++) {","\t\t\t\t\t\tif (!arg.hasOwnProperty(match[2][k])) {","\t\t\t\t\t\t\tthrow new Error(sprintf('[sprintf] property \"%s\" does not exist', match[2][k]));","\t\t\t\t\t\t}","\t\t\t\t\t\targ = arg[match[2][k]];","\t\t\t\t\t}","\t\t\t\t}","\t\t\t\telse if (match[1]) { // positional argument (explicit)","\t\t\t\t\targ = argv[match[1]];","\t\t\t\t}","\t\t\t\telse { // positional argument (implicit)","\t\t\t\t\targ = argv[cursor++];","\t\t\t\t}","","\t\t\t\tif (/[^sO]/.test(match[8]) && (get_type(arg) != 'number')) {","\t\t\t\t\tthrow new Error(sprintf('[sprintf] expecting number but found %s \"' + arg + '\"', get_type(arg)));","\t\t\t\t}","\t\t\t\tswitch (match[8]) {","\t\t\t\t\tcase 'b': arg = arg.toString(2); break;","\t\t\t\t\tcase 'c': arg = String.fromCharCode(arg); break;","\t\t\t\t\tcase 'd': arg = parseInt(arg, 10); break;","\t\t\t\t\tcase 'e': arg = match[7] ? arg.toExponential(match[7]) : arg.toExponential(); break;","\t\t\t\t\tcase 'f': arg = match[7] ? parseFloat(arg).toFixed(match[7]) : parseFloat(arg); break;","\t\t\t\t    case 'O': arg = str_format.object_stringify(arg, 0, parseInt(match[7]) || 5); break;","\t\t\t\t\tcase 'o': arg = arg.toString(8); break;","\t\t\t\t\tcase 's': arg = ((arg = String(arg)) && match[7] ? arg.substring(0, match[7]) : arg); break;","\t\t\t\t\tcase 'u': arg = Math.abs(arg); break;","\t\t\t\t\tcase 'x': arg = arg.toString(16); break;","\t\t\t\t\tcase 'X': arg = arg.toString(16).toUpperCase(); break;","\t\t\t\t}","\t\t\t\targ = (/[def]/.test(match[8]) && match[3] && arg >= 0 ? '+'+ arg : arg);","\t\t\t\tpad_character = match[4] ? match[4] == '0' ? '0' : match[4].charAt(1) : ' ';","\t\t\t\tpad_length = match[6] - String(arg).length;","\t\t\t\tpad = match[6] ? str_repeat(pad_character, pad_length) : '';","\t\t\t\toutput.push(match[5] ? arg + pad : pad + arg);","\t\t\t}","\t\t}","\t\treturn output.join('');","\t};","","\tstr_format.cache = {};","","\tstr_format.parse = function(fmt) {","\t\tvar _fmt = fmt, match = [], parse_tree = [], arg_names = 0;","\t\twhile (_fmt) {","\t\t\tif ((match = /^[^\\x25]+/.exec(_fmt)) !== null) {","\t\t\t\tparse_tree.push(match[0]);","\t\t\t}","\t\t\telse if ((match = /^\\x25{2}/.exec(_fmt)) !== null) {","\t\t\t\tparse_tree.push('%');","\t\t\t}","\t\t\telse if ((match = /^\\x25(?:([1-9]\\d*)\\$|\\(([^\\)]+)\\))?(\\+)?(0|'[^$])?(-)?(\\d+)?(?:\\.(\\d+))?([b-fosOuxX])/.exec(_fmt)) !== null) {","\t\t\t\tif (match[2]) {","\t\t\t\t\targ_names |= 1;","\t\t\t\t\tvar field_list = [], replacement_field = match[2], field_match = [];","\t\t\t\t\tif ((field_match = /^([a-z_][a-z_\\d]*)/i.exec(replacement_field)) !== null) {","\t\t\t\t\t\tfield_list.push(field_match[1]);","\t\t\t\t\t\twhile ((replacement_field = replacement_field.substring(field_match[0].length)) !== '') {","\t\t\t\t\t\t\tif ((field_match = /^\\.([a-z_][a-z_\\d]*)/i.exec(replacement_field)) !== null) {","\t\t\t\t\t\t\t\tfield_list.push(field_match[1]);","\t\t\t\t\t\t\t}","\t\t\t\t\t\t\telse if ((field_match = /^\\[(\\d+)\\]/.exec(replacement_field)) !== null) {","\t\t\t\t\t\t\t\tfield_list.push(field_match[1]);","\t\t\t\t\t\t\t}","\t\t\t\t\t\t\telse {","\t\t\t\t\t\t\t\tthrow new Error('[sprintf] ' + replacement_field);","\t\t\t\t\t\t\t}","\t\t\t\t\t\t}","\t\t\t\t\t}","\t\t\t\t\telse {","                        throw new Error('[sprintf] ' + replacement_field);","\t\t\t\t\t}","\t\t\t\t\tmatch[2] = field_list;","\t\t\t\t}","\t\t\t\telse {","\t\t\t\t\targ_names |= 2;","\t\t\t\t}","\t\t\t\tif (arg_names === 3) {","\t\t\t\t\tthrow new Error('[sprintf] mixing positional and named placeholders is not (yet) supported');","\t\t\t\t}","\t\t\t\tparse_tree.push(match);","\t\t\t}","\t\t\telse {","\t\t\t\tthrow new Error('[sprintf] ' + _fmt);","\t\t\t}","\t\t\t_fmt = _fmt.substring(match[0].length);","\t\t}","\t\treturn parse_tree;","\t};","","\treturn str_format;","})();","","var vsprintf = function(fmt, argv) {","\tvar argvClone = argv.slice();","\targvClone.unshift(fmt);","\treturn sprintf.apply(null, argvClone);","};","","module.exports = sprintf;","sprintf.sprintf = sprintf;","sprintf.vsprintf = vsprintf;",""],"l":{"64":1,"65":1,"66":0,"68":1,"69":0,"70":0,"73":1,"74":0,"75":0,"77":0,"91":1,"92":0,"93":0,"94":0,"96":0,"97":0,"99":0,"100":0,"101":0,"103":0,"104":0,"106":0,"107":0,"108":0,"109":0,"110":0,"111":0,"113":0,"114":0,"115":0,"117":0,"118":0,"119":0,"120":0,"121":0,"122":0,"125":0,"127":0,"128":0,"130":0,"131":0,"134":0,"137":1,"138":0,"139":0,"140":0,"141":0,"142":0,"144":0,"145":0,"146":0,"147":0,"148":0,"149":0,"150":0,"152":0,"155":0,"156":0,"159":0,"162":0,"163":0,"165":0,"166":0,"167":0,"168":0,"169":0,"170":0,"171":0,"172":0,"173":0,"174":0,"175":0,"176":0,"178":0,"179":0,"180":0,"181":0,"182":0,"185":0,"188":1,"190":1,"191":0,"192":0,"193":0,"194":0,"196":0,"197":0,"199":0,"200":0,"201":0,"202":0,"203":0,"204":0,"205":0,"206":0,"207":0,"209":0,"210":0,"213":0,"218":0,"220":0,"223":0,"225":0,"226":0,"228":0,"231":0,"233":0,"235":0,"238":1,"241":1,"242":0,"243":0,"244":0,"247":1,"248":1,"249":1}}}